DEBUG: 2210
1455
2210
progress: 0.0 %
         1703465 function calls (1701543 primitive calls) in 22.640 seconds

   Ordered by: standard name

   ncalls  tottime  percall  cumtime  percall filename:lineno(function)
        1    0.000    0.000    0.000    0.000 <string>:1(<module>)
        1    0.000    0.000    0.000    0.000 <string>:1(ArgInfo)
        1    0.000    0.000    0.000    0.000 <string>:1(ArgSpec)
        1    0.000    0.000    0.000    0.000 <string>:1(Arguments)
        1    0.000    0.000    0.000    0.000 <string>:1(Attribute)
        1    0.000    0.000    0.000    0.000 <string>:1(DecimalTuple)
        1    0.000    0.000    0.000    0.000 <string>:1(Match)
        1    0.000    0.000    0.000    0.000 <string>:1(Mismatch)
        1    0.000    0.000    0.000    0.000 <string>:1(ModuleInfo)
        1    0.000    0.000    0.000    0.000 <string>:1(TestResults)
        1    0.000    0.000    0.000    0.000 <string>:1(Traceback)
        1    0.000    0.000    0.000    0.000 <string>:1(_not_implemented_for)
        1    0.000    0.000    0.000    0.000 <string>:1(_open_file)
        1    0.000    0.000    0.000    0.000 <string>:1(_require)
        1    0.000    0.000    0.000    0.000 <string>:112(PIProxy)
        1    0.000    0.000    0.000    0.000 <string>:14(CommentProxy)
        1    0.000    0.000    0.000    0.000 <string>:2(<module>)
        1    0.000    0.000    0.000    0.000 <string>:22(ElementTree)
        1    0.000    0.000    0.000    0.000 <string>:65(iterparse)
        1    0.000    0.000    0.000    0.000 <string>:7(Chebyshev)
        1    0.000    0.000    0.000    0.000 <string>:7(Hermite)
        1    0.000    0.000    0.000    0.000 <string>:7(HermiteE)
        1    0.000    0.000    0.000    0.000 <string>:7(Laguerre)
        1    0.000    0.000    0.000    0.000 <string>:7(Legendre)
        1    0.000    0.000    0.000    0.000 <string>:7(Polynomial)
      108    0.000    0.000    0.000    0.000 <string>:8(__new__)
        1    0.000    0.000    0.000    0.000 ElementPath.py:237(_SelectorContext)
        1    0.000    0.000    0.001    0.001 ElementPath.py:59(<module>)
        1    0.000    0.000    0.000    0.000 ElementTree.py:104(_SimpleElementPath)
        1    0.000    0.000    0.000    0.000 ElementTree.py:1205(_IterParseIterator)
        1    0.000    0.000    0.000    0.000 ElementTree.py:1365(TreeBuilder)
        1    0.000    0.000    0.000    0.000 ElementTree.py:138(ParseError)
        1    0.000    0.000    0.000    0.000 ElementTree.py:1455(XMLParser)
        1    0.000    0.000    0.000    0.000 ElementTree.py:171(Element)
        1    0.000    0.000    0.000    0.000 ElementTree.py:580(QName)
        1    0.001    0.001    0.002    0.002 ElementTree.py:59(<module>)
        1    0.000    0.000    0.000    0.000 ElementTree.py:605(ElementTree)
        1    0.000    0.000    0.000    0.000 StringIO.py:30(<module>)
        1    0.000    0.000    0.000    0.000 StringIO.py:42(StringIO)
        1    0.000    0.000    0.000    0.000 UserDict.py:58(get)
        1    0.000    0.000    0.000    0.000 UserDict.py:70(__contains__)
        1    0.000    0.000    0.000    0.000 __config__.py:3(<module>)
        1    0.000    0.000    0.000    0.000 __future__.py:48(<module>)
        1    0.000    0.000    0.000    0.000 __future__.py:74(_Feature)
        7    0.000    0.000    0.000    0.000 __future__.py:75(__init__)
       22    0.010    0.000    0.555    0.025 __init__.py:1(<module>)
        1    0.000    0.000    0.000    0.000 __init__.py:10(<module>)
        3    0.000    0.000    0.000    0.000 __init__.py:104(CFunctionType)
        1    0.001    0.001    0.448    0.448 __init__.py:106(<module>)
       14    0.000    0.000    0.000    0.000 __init__.py:147(_check_size)
        1    0.001    0.001    0.025    0.025 __init__.py:15(<module>)
        1    0.000    0.000    0.000    0.000 __init__.py:159(py_object)
        1    0.000    0.000    0.000    0.000 __init__.py:168(c_short)
        1    0.000    0.000    0.000    0.000 __init__.py:17(<module>)
        1    0.000    0.000    0.000    0.000 __init__.py:172(c_ushort)
        1    0.000    0.000    0.000    0.000 __init__.py:176(c_long)
        1    0.000    0.000    0.000    0.000 __init__.py:180(c_ulong)
        1    0.000    0.000    0.000    0.000 __init__.py:189(c_int)
        1    0.001    0.001    0.011    0.011 __init__.py:19(<module>)
        1    0.000    0.000    0.000    0.000 __init__.py:193(c_uint)
        1    0.000    0.000    0.000    0.000 __init__.py:197(c_float)
        4    0.006    0.002    0.434    0.109 __init__.py:2(<module>)
        1    0.000    0.000    0.000    0.000 __init__.py:201(c_double)
        1    0.000    0.000    0.000    0.000 __init__.py:205(c_longdouble)
        1    0.000    0.000    0.000    0.000 __init__.py:226(c_ubyte)
        1    0.001    0.001    0.185    0.185 __init__.py:23(<module>)
        1    0.000    0.000    0.000    0.000 __init__.py:233(c_byte)
        1    0.000    0.000    0.000    0.000 __init__.py:238(c_char)
        1    0.000    0.000    0.000    0.000 __init__.py:243(c_char_p)
        1    0.000    0.000    0.000    0.000 __init__.py:255(c_void_p)
        1    0.000    0.000    0.000    0.000 __init__.py:260(c_bool)
        1    0.000    0.000    0.000    0.000 __init__.py:265(_reset_cache)
        1    0.000    0.000    0.000    0.000 __init__.py:291(c_wchar_p)
        1    0.000    0.000    0.000    0.000 __init__.py:294(c_wchar)
        1    0.000    0.000    0.025    0.025 __init__.py:3(<module>)
        1    0.000    0.000    0.000    0.000 __init__.py:332(CDLL)
        3    0.000    0.000    0.001    0.000 __init__.py:349(__init__)
        3    0.000    0.000    0.000    0.000 __init__.py:359(_FuncPtr)
        4    0.000    0.000    0.000    0.000 __init__.py:375(__getattr__)
        1    0.001    0.001    0.003    0.003 __init__.py:38(<module>)
        4    0.000    0.000    0.000    0.000 __init__.py:382(__getitem__)
        1    0.000    0.000    0.000    0.000 __init__.py:388(PyDLL)
        3    0.005    0.002    0.019    0.006 __init__.py:4(<module>)
        1    0.000    0.000    0.000    0.000 __init__.py:428(LibraryLoader)
        2    0.000    0.000    0.000    0.000 __init__.py:429(__init__)
        1    0.000    0.000    0.001    0.001 __init__.py:44(<module>)
        1    0.001    0.001    0.005    0.005 __init__.py:45(<module>)
        3    0.000    0.000    0.000    0.000 __init__.py:493(PYFUNCTYPE)
        3    0.000    0.000    0.000    0.000 __init__.py:494(CFunctionType)
        1    0.000    0.000    0.006    0.006 __init__.py:6(<module>)
        3    0.000    0.000    0.000    0.000 __init__.py:78(CFUNCTYPE)
        1    0.000    0.000    0.001    0.001 __init__.py:86(<module>)
        1    0.002    0.002    0.002    0.002 __init__.py:88(<module>)
        2    0.000    0.000    0.000    0.000 _abcoll.py:97(__subclasshook__)
        1    0.000    0.000    0.000    0.000 _datasource.py:148(DataSource)
        1    0.000    0.000    0.000    0.000 _datasource.py:33(<module>)
        1    0.000    0.000    0.000    0.000 _datasource.py:47(_FileOpeners)
        1    0.000    0.000    0.000    0.000 _datasource.py:482(Repository)
        1    0.000    0.000    0.000    0.000 _datasource.py:70(__init__)
      108    0.001    0.000    0.001    0.000 _decorator2.py:124(update)
      108    0.002    0.000    0.010    0.000 _decorator2.py:135(make)
      108    0.001    0.000    0.016    0.000 _decorator2.py:164(create)
      216    0.000    0.000    0.000    0.000 _decorator2.py:182(<genexpr>)
      108    0.001    0.000    0.018    0.000 _decorator2.py:186(decorator)
        1    0.001    0.001    0.025    0.025 _decorator2.py:29(<module>)
        1    0.000    0.000    0.000    0.000 _decorator2.py:54(getfullargspec)
       54    0.000    0.000    0.001    0.000 _decorator2.py:56(__init__)
      270    0.000    0.000    0.000    0.000 _decorator2.py:62(__iter__)
        1    0.000    0.000    0.000    0.000 _decorator2.py:71(FunctionMaker)
      108    0.002    0.000    0.004    0.000 _decorator2.py:77(__init__)
       82    0.000    0.000    0.000    0.000 _decorator2.py:95(<lambda>)
        1    0.000    0.000    0.000    0.000 _endian.py:26(_swapped_meta)
        1    0.000    0.000    0.000    0.000 _endian.py:4(<module>)
        1    0.000    0.000    0.000    0.000 _endian.py:49(BigEndianStructure)
        1    0.000    0.000    0.000    0.000 _import_tools.py:1(<module>)
        1    0.000    0.000    0.000    0.000 _import_tools.py:334(PackageLoaderDebug)
        1    0.000    0.000    0.000    0.000 _import_tools.py:6(PackageLoader)
       40    0.000    0.000    0.000    0.000 _inspect.py:118(getargspec)
       40    0.000    0.000    0.000    0.000 _inspect.py:13(ismethod)
       74    0.000    0.000    0.000    0.000 _inspect.py:150(strseq)
       31    0.000    0.000    0.000    0.000 _inspect.py:157(formatargspec)
        3    0.000    0.000    0.000    0.000 _inspect.py:159(<lambda>)
        1    0.000    0.000    0.000    0.000 _inspect.py:160(<lambda>)
       43    0.000    0.000    0.000    0.000 _inspect.py:161(<lambda>)
       40    0.000    0.000    0.000    0.000 _inspect.py:24(isfunction)
       31    0.000    0.000    0.000    0.000 _inspect.py:37(iscode)
       31    0.000    0.000    0.000    0.000 _inspect.py:59(getargs)
        1    0.000    0.000    0.000    0.000 _inspect.py:6(<module>)
        1    0.000    0.000    0.000    0.000 _internal.py:191(_getintp_ctype)
        1    0.000    0.000    0.000    0.000 _internal.py:212(_missing_ctypes)
        1    0.000    0.000    0.000    0.000 _internal.py:219(_ctypes)
        1    0.000    0.000    0.002    0.002 _internal.py:4(<module>)
        1    0.000    0.000    0.000    0.000 _iotools.py:1(<module>)
        1    0.000    0.000    0.000    0.000 _iotools.py:145(LineSplitter)
        1    0.000    0.000    0.000    0.000 _iotools.py:236(NameValidator)
        1    0.000    0.000    0.000    0.000 _iotools.py:428(ConverterError)
        1    0.000    0.000    0.000    0.000 _iotools.py:435(ConverterLockError)
        1    0.000    0.000    0.000    0.000 _iotools.py:442(ConversionWarning)
        1    0.000    0.000    0.000    0.000 _iotools.py:456(StringConverter)
        1    0.000    0.000    0.000    0.000 _methods.py:4(<module>)
       19    0.000    0.000    0.000    0.000 _weakrefset.py:16(__init__)
       19    0.000    0.000    0.000    0.000 _weakrefset.py:20(__enter__)
       19    0.000    0.000    0.000    0.000 _weakrefset.py:26(__exit__)
       45    0.000    0.000    0.000    0.000 _weakrefset.py:36(__init__)
       19    0.000    0.000    0.000    0.000 _weakrefset.py:52(_commit_removals)
       37    0.000    0.000    0.000    0.000 _weakrefset.py:58(__iter__)
       24    0.000    0.000    0.000    0.000 _weakrefset.py:68(__contains__)
       32    0.000    0.000    0.000    0.000 _weakrefset.py:81(add)
       13    0.000    0.000    0.000    0.000 abc.py:105(register)
        1    0.000    0.000    0.000    0.000 abc.py:128(__instancecheck__)
    19/14    0.000    0.000    0.001    0.000 abc.py:148(__subclasscheck__)
       37    0.000    0.000    0.000    0.000 abc.py:15(abstractmethod)
       10    0.000    0.000    0.001    0.000 abc.py:86(__new__)
       51    0.000    0.000    0.000    0.000 abc.py:89(<genexpr>)
        1    0.000    0.000    0.413    0.413 add_newdocs.py:9(<module>)
        1    0.000    0.000    0.001    0.001 adjlist.py:24(<module>)
        1    0.000    0.000    0.000    0.000 agraph.py:1483(Node)
        1    0.000    0.000    0.000    0.000 agraph.py:1542(Edge)
        1    0.000    0.000    0.000    0.000 agraph.py:1616(Attribute)
        1    0.000    0.000    0.000    0.000 agraph.py:1701(ItemAttribute)
        1    0.000    0.000    0.000    0.000 agraph.py:31(PipeReader)
        1    0.000    0.000    0.002    0.002 agraph.py:5(<module>)
        1    0.000    0.000    0.000    0.000 agraph.py:50(_Action)
        1    0.001    0.001    0.001    0.001 agraph.py:53(AGraph)
        1    0.000    0.000    0.000    0.000 all.py:2(<module>)
        1    0.000    0.000    0.000    0.000 arraypad.py:4(<module>)
        1    0.000    0.000    0.001    0.001 arrayprint.py:4(<module>)
        1    0.000    0.000    0.000    0.000 arrayprint.py:523(FloatFormat)
        1    0.000    0.000    0.000    0.000 arrayprint.py:635(IntegerFormat)
        1    0.000    0.000    0.000    0.000 arrayprint.py:655(LongFloatFormat)
        1    0.000    0.000    0.000    0.000 arrayprint.py:685(LongComplexFormat)
        1    0.000    0.000    0.000    0.000 arrayprint.py:696(ComplexFormat)
        1    0.000    0.000    0.000    0.000 arrayprint.py:712(DatetimeFormat)
        1    0.000    0.000    0.000    0.000 arrayprint.py:740(TimedeltaFormat)
        1    0.000    0.000    0.001    0.001 arraysetops.py:25(<module>)
        1    0.000    0.000    0.000    0.000 arrayterator.py:21(Arrayterator)
        1    0.000    0.000    0.000    0.000 arrayterator.py:9(<module>)
        1    0.000    0.000    0.000    0.000 astar.py:3(<module>)
        1    0.000    0.000    0.000    0.000 atlas.py:11(<module>)
        1    0.000    0.000    0.000    0.000 attracting.py:4(<module>)
        1    0.000    0.000    0.000    0.000 attrmatrix.py:3(<module>)
        1    0.000    0.000    0.000    0.000 basic.py:6(<module>)
        1    0.000    0.000    0.000    0.000 bdb.py:1(<module>)
        1    0.000    0.000    0.000    0.000 bdb.py:10(BdbQuit)
        1    0.000    0.000    0.000    0.000 bdb.py:14(Bdb)
        1    0.000    0.000    0.000    0.000 bdb.py:449(Breakpoint)
        1    0.000    0.000    0.000    0.000 bdb.py:614(Tdb)
        1    0.000    0.000    0.000    0.000 betweenness.py:3(<module>)
        1    0.000    0.000    0.000    0.000 betweenness_subset.py:3(<module>)
        1    0.000    0.000    0.000    0.000 biconnected.py:4(<module>)
        1    0.000    0.000    0.000    0.000 binary.py:3(<module>)
        1    0.000    0.000    0.000    0.000 bipartite.py:5(<module>)
        1    0.000    0.000    0.000    0.000 bisect.py:1(<module>)
        1    0.000    0.000    0.000    0.000 block.py:7(<module>)
        1    0.000    0.000    0.000    0.000 boundary.py:10(<module>)
        1    0.000    0.000    0.000    0.000 breadth_first_search.py:7(<module>)
        1    0.002    0.002    0.005    0.005 cElementTree.py:3(<module>)
        1    0.001    0.001    0.002    0.002 case.py:1(<module>)
        1    0.000    0.000    0.000    0.000 case.py:1019(FunctionTestCase)
        1    0.000    0.000    0.000    0.000 case.py:133(TestCase)
        1    0.000    0.000    0.000    0.000 case.py:25(SkipTest)
        1    0.000    0.000    0.000    0.000 case.py:34(_ExpectedFailure)
        1    0.000    0.000    0.000    0.000 case.py:45(_UnexpectedSuccess)
        7    0.000    0.000    0.000    0.000 case.py:610(_deprecate)
        1    0.000    0.000    0.000    0.000 case.py:98(_AssertRaisesContext)
        1    0.000    0.000    0.000    0.000 centrality.py:7(<module>)
        1    0.003    0.003    0.004    0.004 chebyshev.py:87(<module>)
        1    0.000    0.000    0.000    0.000 chordal_alg.py:25(NetworkXTreewidthBoundExceeded)
        1    0.000    0.000    0.000    0.000 chordal_alg.py:8(<module>)
        1    0.000    0.000    0.000    0.000 classic.py:12(<module>)
        1    0.000    0.000    0.000    0.000 clique.py:13(<module>)
        1    0.000    0.000    0.000    0.000 closeness.py:3(<module>)
        1    0.000    0.000    0.000    0.000 cluster.py:2(<module>)
        1    0.000    0.000    0.000    0.000 cluster.py:7(<module>)
        1    0.000    0.000    0.000    0.000 cmd.py:46(<module>)
        1    0.000    0.000    0.000    0.000 cmd.py:55(Cmd)
        1    0.000    0.000    0.001    0.001 collections.py:1(<module>)
        1    0.000    0.000    0.000    0.000 collections.py:26(OrderedDict)
       10    0.005    0.000    0.006    0.001 collections.py:284(namedtuple)
      353    0.000    0.000    0.000    0.000 collections.py:325(<genexpr>)
       45    0.000    0.000    0.000    0.000 collections.py:349(<genexpr>)
       45    0.000    0.000    0.000    0.000 collections.py:351(<genexpr>)
        1    0.000    0.000    0.000    0.000 collections.py:383(Counter)
        1    0.000    0.000    0.235    0.235 collections.py:434(__init__)
        1    0.001    0.001    0.018    0.018 collections.py:453(most_common)
        1    0.077    0.077    0.235    0.235 collections.py:497(update)
        1    0.000    0.000    0.005    0.005 communicability_alg.py:3(<module>)
        1    0.000    0.000    0.000    0.000 connected.py:4(<module>)
        1    0.000    0.000    0.000    0.000 connectivity.py:4(<module>)
        1    0.000    0.000    0.000    0.000 connectivity.py:7(<module>)
        1    0.000    0.000    0.000    0.000 convert.py:33(<module>)
       65    0.000    0.000    0.001    0.000 copy.py:306(_reconstruct)
       66    0.000    0.000    0.002    0.000 copy.py:66(copy)
        1    0.000    0.000    0.000    0.000 copy_reg.py:14(pickle)
        1    0.000    0.000    0.000    0.000 copy_reg.py:27(constructor)
       65    0.000    0.000    0.000    0.000 copy_reg.py:92(__newobj__)
       12    0.000    0.000    0.000    0.000 copy_reg.py:95(_slotnames)
        1    0.000    0.000    0.000    0.000 core.py:1032(_DomainedBinaryOperation)
        6    0.000    0.000    0.000    0.000 core.py:1052(__init__)
       40    0.000    0.000    0.001    0.000 core.py:107(get_object_signature)
        1    0.000    0.000    0.000    0.000 core.py:12(<module>)
        1    0.000    0.000    0.000    0.000 core.py:126(MAError)
        1    0.000    0.000    0.000    0.000 core.py:129(MaskError)
        1    0.001    0.001    0.002    0.002 core.py:21(<module>)
        1    0.000    0.000    0.000    0.000 core.py:2252(_MaskedPrintOption)
        1    0.000    0.000    0.000    0.000 core.py:2257(__init__)
        1    0.000    0.000    0.000    0.000 core.py:2401(_arraymethod)
        9    0.000    0.000    0.000    0.000 core.py:2430(__init__)
        9    0.000    0.000    0.000    0.000 core.py:2436(getdoc)
        4    0.000    0.000    0.000    0.000 core.py:2443(__get__)
        1    0.000    0.000    0.000    0.000 core.py:2471(MaskedIterator)
        1    0.000    0.000    0.000    0.000 core.py:2574(MaskedArray)
        1    0.000    0.000    0.000    0.000 core.py:5507(mvoid)
        1    0.000    0.000    0.000    0.000 core.py:5697(MaskedConstant)
        1    0.000    0.000    0.000    0.000 core.py:5703(__new__)
        1    0.000    0.000    0.000    0.000 core.py:5706(__array_finalize__)
        1    0.000    0.000    0.000    0.000 core.py:5807(_extrema_operation)
        1    0.000    0.000    0.000    0.000 core.py:5862(_minimum_operation)
        1    0.000    0.000    0.000    0.000 core.py:5864(__init__)
        1    0.000    0.000    0.000    0.000 core.py:5874(_maximum_operation)
        1    0.000    0.000    0.000    0.000 core.py:5876(__init__)
        1    0.000    0.000    0.000    0.000 core.py:5918(_frommethod)
       23    0.000    0.000    0.001    0.000 core.py:5928(__init__)
       23    0.000    0.000    0.000    0.000 core.py:5932(getdoc)
        1    0.000    0.000    0.000    0.000 core.py:7120(_convert2ma)
        8    0.000    0.000    0.000    0.000 core.py:7132(__init__)
        8    0.000    0.000    0.000    0.000 core.py:7137(getdoc)
        1    0.000    0.000    0.000    0.000 core.py:728(_DomainCheckInterval)
        3    0.000    0.000    0.000    0.000 core.py:736(__init__)
        1    0.000    0.000    0.000    0.000 core.py:750(_DomainTan)
        1    0.000    0.000    0.000    0.000 core.py:756(__init__)
        1    0.000    0.000    0.000    0.000 core.py:766(_DomainSafeDivide)
        6    0.000    0.000    0.000    0.000 core.py:768(__init__)
        1    0.000    0.000    0.000    0.000 core.py:781(_DomainGreater)
        3    0.000    0.000    0.000    0.000 core.py:783(__init__)
        1    0.000    0.000    0.000    0.000 core.py:793(_DomainGreaterEqual)
        2    0.000    0.000    0.000    0.000 core.py:795(__init__)
        1    0.000    0.000    0.000    0.000 core.py:804(_MaskedUnaryOperation)
       27    0.000    0.000    0.000    0.000 core.py:821(__init__)
        1    0.000    0.000    0.000    0.000 core.py:886(_MaskedBinaryOperation)
        4    0.000    0.000    0.000    0.000 core.py:90(doc_note)
       18    0.000    0.000    0.000    0.000 core.py:905(__init__)
        1    0.000    0.000    0.000    0.000 correlation.py:3(<module>)
        1    0.000    0.000    0.000    0.000 ctypeslib.py:153(_ndptr)
       12    0.000    0.000    0.000    0.000 ctypeslib.py:306(prep_simple)
        1    0.000    0.000    0.002    0.002 ctypeslib.py:51(<module>)
        1    0.000    0.000    0.000    0.000 current_flow_betweenness.py:3(<module>)
        1    0.000    0.000    0.000    0.000 current_flow_betweenness_subset.py:3(<module>)
        1    0.000    0.000    0.000    0.000 current_flow_closeness.py:4(<module>)
        1    0.000    0.000    0.000    0.000 cuts.py:4(<module>)
        1    0.000    0.000    0.002    0.002 cycles.py:5(<module>)
        1    0.004    0.004    0.050    0.050 dag.py:2(<module>)
        1    0.003    0.003    0.010    0.010 decimal.py:116(<module>)
        1    0.000    0.000    0.000    0.000 decimal.py:161(DecimalException)
        1    0.000    0.000    0.000    0.000 decimal.py:184(Clamped)
        1    0.000    0.000    0.000    0.000 decimal.py:196(InvalidOperation)
        1    0.000    0.000    0.000    0.000 decimal.py:225(ConversionSyntax)
        1    0.000    0.000    0.000    0.000 decimal.py:235(DivisionByZero)
        1    0.000    0.000    0.000    0.000 decimal.py:251(DivisionImpossible)
        1    0.000    0.000    0.000    0.000 decimal.py:262(DivisionUndefined)
        1    0.000    0.000    0.000    0.000 decimal.py:273(Inexact)
        1    0.000    0.000    0.000    0.000 decimal.py:285(InvalidContext)
        1    0.000    0.000    0.000    0.000 decimal.py:299(Rounded)
        1    0.000    0.000    0.000    0.000 decimal.py:311(Subnormal)
        1    0.000    0.000    0.000    0.000 decimal.py:322(Overflow)
        1    0.000    0.000    0.000    0.000 decimal.py:360(Underflow)
        1    0.000    0.000    0.000    0.000 decimal.py:3748(_ContextManager)
        1    0.000    0.000    0.000    0.000 decimal.py:3763(Context)
        3    0.000    0.000    0.000    0.000 decimal.py:3782(__init__)
       27    0.000    0.000    0.000    0.000 decimal.py:3809(<genexpr>)
       27    0.000    0.000    0.000    0.000 decimal.py:3816(<genexpr>)
        1    0.000    0.000    0.000    0.000 decimal.py:506(Decimal)
        6    0.000    0.000    0.000    0.000 decimal.py:515(__new__)
        1    0.000    0.000    0.000    0.000 decimal.py:5418(_WorkRep)
        1    0.000    0.000    0.000    0.000 decimal.py:5672(_Log10Memoize)
        1    0.000    0.000    0.000    0.000 decimal.py:5676(__init__)
        1    0.000    0.000    0.000    0.000 decorators.py:1(<module>)
       21    0.001    0.000    0.004    0.000 decorators.py:10(not_implemented_for)
       24    0.000    0.000    0.003    0.000 decorators.py:131(open_file)
        1    0.000    0.000    0.001    0.001 decorators.py:15(<module>)
        9    0.000    0.000    0.001    0.000 decorators.py:67(require)
        1    0.000    0.000    0.000    0.000 defchararray.py:17(<module>)
        1    0.000    0.000    0.000    0.000 defchararray.py:1732(chararray)
        1    0.000    0.000    0.000    0.000 defmatrix.py:1(<module>)
        1    0.000    0.000    0.000    0.000 defmatrix.py:195(matrix)
        1    0.000    0.000    0.000    0.000 degree_alg.py:4(<module>)
        1    0.000    0.000    0.000    0.000 degree_seq.py:3(<module>)
        1    0.000    0.000    0.000    0.000 degree_seq.py:683(DegreeSequenceRandomGraph)
        1    0.000    0.000    0.000    0.000 dense.py:3(<module>)
        1    0.000    0.000    0.000    0.000 depth_first_search.py:10(<module>)
        1    0.000    0.000    0.000    0.000 difflib.py:1672(HtmlDiff)
        1    0.000    0.000    0.001    0.001 difflib.py:29(<module>)
        1    0.000    0.000    0.000    0.000 difflib.py:46(SequenceMatcher)
        1    0.000    0.000    0.000    0.000 difflib.py:766(Differ)
        1    0.000    0.000    0.000    0.000 digraph.py:1(<module>)
        1    0.000    0.000    0.000    0.000 digraph.py:17(DiGraph)
        1    0.000    0.000    0.000    0.000 directed.py:9(<module>)
        1    0.000    0.000    0.001    0.001 dis.py:1(<module>)
        1    0.000    0.000    0.000    0.000 distance_measures.py:4(<module>)
        1    0.000    0.000    0.000    0.000 distance_regular.py:5(<module>)
        1    0.000    0.000    0.000    0.000 doctest.py:1080(DocTestRunner)
       10    0.000    0.000    0.000    0.000 doctest.py:128(register_optionflag)
        1    0.000    0.000    0.000    0.000 doctest.py:1511(OutputChecker)
        1    0.000    0.000    0.000    0.000 doctest.py:1644(DocTestFailure)
        1    0.000    0.000    0.000    0.000 doctest.py:1663(UnexpectedException)
        1    0.000    0.000    0.000    0.000 doctest.py:1682(DebugRunner)
        1    0.000    0.000    0.000    0.000 doctest.py:2052(Tester)
        1    0.000    0.000    0.000    0.000 doctest.py:2153(DocTestCase)
        1    0.000    0.000    0.000    0.000 doctest.py:2316(SkipDocTestCase)
        1    0.000    0.000    0.000    0.000 doctest.py:2406(DocFileCase)
        1    0.000    0.000    0.000    0.000 doctest.py:249(_SpoofOut)
        1    0.000    0.000    0.000    0.000 doctest.py:2671(_TestClass)
        1    0.000    0.000    0.000    0.000 doctest.py:329(_OutputRedirectingPdb)
        1    0.000    0.000    0.000    0.000 doctest.py:401(Example)
        1    0.001    0.001    0.008    0.008 doctest.py:46(<module>)
        1    0.000    0.000    0.000    0.000 doctest.py:473(DocTest)
        1    0.000    0.000    0.005    0.005 doctest.py:549(DocTestParser)
        1    0.000    0.000    0.000    0.000 doctest.py:784(DocTestFinder)
        1    0.001    0.001    0.019    0.019 dot_parser.py:11(<module>)
        1    0.000    0.000    0.000    0.000 dot_parser.py:31(P_AttrList)
        1    0.000    0.000    0.000    0.000 dot_parser.py:56(DefaultStatement)
        1    0.000    0.000    0.001    0.001 edgelist.py:28(<module>)
        1    0.000    0.000    0.000    0.000 ego.py:3(<module>)
        1    0.000    0.000    0.000    0.000 eigenvector.py:3(<module>)
        1    0.000    0.000    0.000    0.000 euler.py:4(<module>)
        1    0.000    0.000    0.000    0.000 exception.py:22(NetworkXException)
        1    0.000    0.000    0.000    0.000 exception.py:25(NetworkXError)
        1    0.000    0.000    0.000    0.000 exception.py:28(NetworkXPointlessConcept)
        1    0.000    0.000    0.000    0.000 exception.py:34(NetworkXAlgorithmError)
        1    0.000    0.000    0.000    0.000 exception.py:37(NetworkXUnfeasible)
        1    0.000    0.000    0.000    0.000 exception.py:41(NetworkXNoPath)
        1    0.000    0.000    0.000    0.000 exception.py:45(NetworkXUnbounded)
        1    0.000    0.000    0.000    0.000 exception.py:49(NetworkXNotImplemented)
        1    0.000    0.000    0.000    0.000 exception.py:9(<module>)
        1    0.000    0.000    0.000    0.000 extras.py:10(<module>)
        1    0.000    0.000    0.000    0.000 extras.py:1415(MAxisConcatenator)
        1    0.000    0.000    0.000    0.000 extras.py:1427(__init__)
        1    0.000    0.000    0.000    0.000 extras.py:1481(mr_class)
        1    0.000    0.000    0.000    0.000 extras.py:1497(__init__)
        1    0.000    0.000    0.000    0.000 extras.py:222(_fromnxfunction)
        9    0.000    0.000    0.000    0.000 extras.py:239(__init__)
        9    0.000    0.000    0.000    0.000 extras.py:243(getdoc)
        1    0.000    0.000    0.000    0.000 fftpack.py:32(<module>)
        1    0.000    0.000    0.000    0.000 financial.py:8(<module>)
        1    0.000    0.000    0.000    0.000 flow_matrix.py:110(CGInverseLaplacian)
        1    0.000    0.000    0.000    0.000 flow_matrix.py:3(<module>)
        1    0.000    0.000    0.000    0.000 flow_matrix.py:33(InverseLaplacian)
        1    0.000    0.000    0.000    0.000 flow_matrix.py:79(FullInverseLaplacian)
        1    0.000    0.000    0.000    0.000 flow_matrix.py:93(SuperLUInverseLaplacian)
        1    0.000    0.000    0.000    0.000 fnmatch.py:11(<module>)
        1    0.000    0.000    0.000    0.000 format.py:136(<module>)
        5    0.000    0.000    0.000    0.000 fractions.py:280(_operator_fallbacks)
        1    0.033    0.033    0.046    0.046 fractions.py:4(<module>)
        1    0.000    0.000    0.000    0.000 fractions.py:44(Fraction)
        1    0.000    0.000    0.000    0.000 fromnumeric.py:2(<module>)
        1    0.000    0.000    0.000    0.000 function.py:2(<module>)
        2    0.000    0.000    0.001    0.001 function_base.py:1(<module>)
        1    0.000    0.000    0.000    0.000 function_base.py:1706(vectorize)
      271    0.005    0.000    0.006    0.000 function_base.py:3220(add_newdoc)
        3    0.000    0.000    0.000    0.000 functools.py:17(update_wrapper)
        3    0.000    0.000    0.000    0.000 functools.py:39(wraps)
        1    0.000    0.000    0.000    0.000 generic.py:10(<module>)
        2    0.000    0.000    0.000    0.000 genericpath.py:38(isdir)
        1    0.000    0.000    0.000    0.000 geometric.py:4(<module>)
        1    0.000    0.000    0.000    0.000 getlimits.py:192(iinfo)
        1    0.000    0.000    0.000    0.000 getlimits.py:2(<module>)
        1    0.000    0.000    0.000    0.000 getlimits.py:22(finfo)
        2    0.000    0.000    0.000    0.000 getlimits.py:242(__init__)
        2    0.000    0.000    0.000    0.000 getlimits.py:267(max)
        1    0.000    0.000    0.000    0.000 gexf.py:164(GEXF)
        1    0.000    0.000    0.001    0.001 gexf.py:17(<module>)
       13    0.000    0.000    0.000    0.000 gexf.py:212(<genexpr>)
        1    0.000    0.000    0.000    0.000 gexf.py:236(GEXFWriter)
        1    0.000    0.000    0.000    0.000 gexf.py:549(GEXFReader)
        1    0.000    0.000    0.000    0.000 glob.py:1(<module>)
        1    0.000    0.000    0.001    0.001 gml.py:24(<module>)
        1    0.000    0.000    0.001    0.001 gpickle.py:22(<module>)
        1    0.000    0.000    0.000    0.000 graph.py:25(Graph)
        1    0.000    0.000    0.000    0.000 graph.py:9(<module>)
        1    0.000    0.000    0.000    0.000 graphical.py:3(<module>)
        1    0.000    0.000    0.000    0.000 graphmatrix.py:3(<module>)
        1    0.000    0.000    0.000    0.000 graphml.py:199(GraphML)
       10    0.000    0.000    0.000    0.000 graphml.py:223(<genexpr>)
        1    0.000    0.000    0.000    0.000 graphml.py:229(GraphMLWriter)
        1    0.000    0.000    0.006    0.006 graphml.py:36(<module>)
        1    0.000    0.000    0.000    0.000 graphml.py:383(GraphMLReader)
        1    0.001    0.001    0.001    0.001 graphviz.py:7(<module>)
        1    0.001    0.001    0.001    0.001 hashlib.py:55(<module>)
        6    0.000    0.000    0.000    0.000 hashlib.py:94(__get_openssl_constructor)
        1    0.000    0.000    0.000    0.000 heapq.py:31(<module>)
        1    0.000    0.000    0.018    0.018 heapq.py:431(nlargest)
        1    0.000    0.000    0.000    0.000 helper.py:3(<module>)
        1    0.003    0.003    0.004    0.004 hermite.py:59(<module>)
        1    0.003    0.003    0.004    0.004 hermite_e.py:59(<module>)
        1    0.000    0.000    0.000    0.000 hierarchy.py:4(<module>)
        1    0.000    0.000    0.000    0.000 hits_alg.py:2(<module>)
        1    0.000    0.000    0.000    0.000 hybrid.py:4(<module>)
        1    0.001    0.001    0.002    0.002 index_tricks.py:1(<module>)
        2    0.000    0.000    0.000    0.000 index_tricks.py:142(__init__)
        1    0.000    0.000    0.000    0.000 index_tricks.py:210(AxisConcatenator)
        3    0.000    0.000    0.000    0.000 index_tricks.py:228(__init__)
        1    0.000    0.000    0.000    0.000 index_tricks.py:337(RClass)
        1    0.000    0.000    0.000    0.000 index_tricks.py:431(__init__)
        1    0.000    0.000    0.000    0.000 index_tricks.py:436(CClass)
        1    0.000    0.000    0.000    0.000 index_tricks.py:453(__init__)
        1    0.000    0.000    0.000    0.000 index_tricks.py:458(ndenumerate)
        1    0.000    0.000    0.000    0.000 index_tricks.py:505(ndindex)
        1    0.000    0.000    0.000    0.000 index_tricks.py:600(IndexExpression)
        2    0.000    0.000    0.000    0.000 index_tricks.py:643(__init__)
        1    0.000    0.000    0.000    0.000 index_tricks.py:82(nd_grid)
        1    0.000    0.000    0.000    0.000 info.py:147(<module>)
        1    0.000    0.000    0.000    0.000 info.py:175(<module>)
        1    0.000    0.000    0.000    0.000 info.py:34(<module>)
        1    0.000    0.000    0.000    0.000 info.py:83(<module>)
        1    0.000    0.000    0.000    0.000 info.py:84(<module>)
      162    0.000    0.000    0.000    0.000 inspect.py:142(isfunction)
      108    0.000    0.000    0.000    0.000 inspect.py:209(iscode)
        1    0.001    0.001    0.024    0.024 inspect.py:25(<module>)
        1    0.000    0.000    0.000    0.000 inspect.py:630(EndOfBlock)
        1    0.000    0.000    0.000    0.000 inspect.py:632(BlockFinder)
      108    0.000    0.000    0.000    0.000 inspect.py:67(ismethod)
      108    0.001    0.000    0.001    0.000 inspect.py:743(getargs)
      108    0.000    0.000    0.002    0.000 inspect.py:803(getargspec)
      146    0.000    0.000    0.000    0.000 inspect.py:837(strseq)
       54    0.000    0.000    0.001    0.000 inspect.py:844(formatargspec)
        1    0.000    0.000    0.000    0.000 inspect.py:847(<lambda>)
        1    0.000    0.000    0.000    0.000 intersection.py:4(<module>)
        1    0.000    0.000    0.001    0.001 io.py:34(<module>)
        1    0.000    0.000    0.000    0.000 io.py:69(IOBase)
        1    0.000    0.000    0.000    0.000 io.py:72(RawIOBase)
        1    0.000    0.000    0.000    0.000 io.py:75(BufferedIOBase)
        1    0.000    0.000    0.000    0.000 io.py:78(TextIOBase)
        1    0.000    0.000    0.000    0.000 isolate.py:4(<module>)
        1    0.000    0.000    0.000    0.000 isomorph.py:3(<module>)
        1    0.000    0.000    0.000    0.000 isomorphvf2.py:129(<module>)
        1    0.000    0.000    0.000    0.000 isomorphvf2.py:146(GraphMatcher)
        1    0.000    0.000    0.000    0.000 isomorphvf2.py:477(DiGraphMatcher)
        1    0.000    0.000    0.000    0.000 isomorphvf2.py:779(GMState)
        1    0.000    0.000    0.000    0.000 isomorphvf2.py:862(DiGMState)
        1    0.000    0.000    0.001    0.001 katz.py:3(<module>)
        1    0.000    0.000    0.000    0.000 kclique.py:7(<module>)
        1    0.000    0.000    0.000    0.000 keyword.py:11(<module>)
        1    0.003    0.003    0.004    0.004 laguerre.py:59(<module>)
        1    0.000    0.000    0.002    0.002 laplacianmatrix.py:3(<module>)
        1    0.000    0.000    0.000    0.000 layout.py:7(<module>)
        1    0.000    0.000    0.000    0.000 leda.py:10(<module>)
        1    0.003    0.003    0.004    0.004 legendre.py:83(<module>)
        1    0.001    0.001    0.001    0.001 linalg.py:10(<module>)
        1    0.000    0.000    0.000    0.000 linalg.py:37(LinAlgError)
        1    0.000    0.000    0.000    0.000 line.py:4(<module>)
        1    0.000    0.000    0.000    0.000 load.py:4(<module>)
        1    0.000    0.000    0.000    0.000 loader.py:1(<module>)
        1    0.000    0.000    0.000    0.000 loader.py:38(TestLoader)
        1    0.000    0.000    0.000    0.000 machar.py:15(MachAr)
        1    0.000    0.000    0.000    0.000 machar.py:4(<module>)
        1    0.000    0.000    0.000    0.000 main.py:1(<module>)
        1    0.000    0.000    0.000    0.000 main.py:63(TestProgram)
        3    0.000    0.000    0.000    0.000 matchhelpers.py:20(copyfunc)
        1    0.000    0.000    0.000    0.000 matchhelpers.py:3(<module>)
        1    0.000    0.000    0.000    0.000 matching.py:5(<module>)
        1    0.000    0.000    0.000    0.000 maxflow.py:4(<module>)
        1    0.000    0.000    0.000    0.000 memmap.py:1(<module>)
        1    0.000    0.000    0.000    0.000 memmap.py:20(memmap)
        1    0.000    0.000    0.000    0.000 mincost.py:4(<module>)
        1    0.000    0.000    0.000    0.000 mis.py:6(<module>)
        1    0.004    0.004    0.055    0.055 misc.py:10(<module>)
        1    0.000    0.000    0.000    0.000 mixing.py:4(<module>)
        1    0.000    0.000    0.000    0.000 mst.py:5(<module>)
        1    0.000    0.000    0.000    0.000 multidigraph.py:1(<module>)
        1    0.000    0.000    0.000    0.000 multidigraph.py:18(MultiDiGraph)
        1    0.000    0.000    0.000    0.000 multigraph.py:1(<module>)
        1    0.000    0.000    0.000    0.000 multigraph.py:16(MultiGraph)
        1    0.000    0.000    0.001    0.001 multiline_adjlist.py:27(<module>)
        1    0.000    0.000    0.000    0.000 neighbor_degree.py:7(<module>)
        1    0.000    0.000    0.000    0.000 new.py:5(<module>)
       19    0.000    0.000    0.000    0.000 nosetester.py:137(__init__)
        1    0.000    0.000    0.000    0.000 nosetester.py:6(<module>)
        1    0.000    0.000    0.000    0.000 nosetester.py:85(NoseTester)
        1    0.001    0.001    0.001    0.001 npyio.py:1(<module>)
        1    0.000    0.000    0.000    0.000 npyio.py:126(NpzFile)
        1    0.000    0.000    0.000    0.000 npyio.py:82(BagObj)
        1    0.000    0.000    0.000    0.000 numbers.py:13(Number)
        1    0.000    0.000    0.000    0.000 numbers.py:169(Real)
        1    0.000    0.000    0.000    0.000 numbers.py:270(Rational)
        1    0.000    0.000    0.000    0.000 numbers.py:295(Integral)
        1    0.000    0.000    0.000    0.000 numbers.py:34(Complex)
        1    0.000    0.000    0.001    0.001 numbers.py:6(<module>)
        1    0.382    0.382    0.383    0.383 numeric.py:1(<module>)
        2    0.000    0.000    0.000    0.000 numeric.py:1473(set_string_function)
        3    0.000    0.000    0.000    0.000 numeric.py:207(extend_all)
        1    0.000    0.000    0.000    0.000 numeric.py:2493(_unspecified)
        1    0.000    0.000    0.000    0.000 numeric.py:2497(errstate)
        1    0.000    0.000    0.000    0.000 numeric.py:2571(_setdef)
        1    0.000    0.000    0.000    0.000 numeric.py:37(ComplexWarning)
       72    0.000    0.000    0.000    0.000 numerictypes.py:128(english_lower)
       40    0.000    0.000    0.000    0.000 numerictypes.py:155(english_upper)
       14    0.000    0.000    0.000    0.000 numerictypes.py:182(english_capitalize)
       21    0.000    0.000    0.000    0.000 numerictypes.py:217(_evalname)
       26    0.000    0.000    0.000    0.000 numerictypes.py:230(bitname)
        1    0.000    0.000    0.000    0.000 numerictypes.py:286(_add_types)
        1    0.000    0.000    0.000    0.000 numerictypes.py:302(_add_aliases)
        1    0.000    0.000    0.000    0.000 numerictypes.py:343(_add_integer_aliases)
        1    0.000    0.000    0.000    0.000 numerictypes.py:384(_set_up_aliases)
        1    0.000    0.000    0.000    0.000 numerictypes.py:433(_construct_char_code_lookup)
       30    0.000    0.000    0.000    0.000 numerictypes.py:448(_add_array_type)
        1    0.000    0.000    0.000    0.000 numerictypes.py:456(_set_array_types)
        1    0.000    0.000    0.000    0.000 numerictypes.py:770(_typedict)
        1    0.000    0.000    0.000    0.000 numerictypes.py:785(_construct_lookups)
        1    0.000    0.000    0.001    0.001 numerictypes.py:82(<module>)
        1    0.000    0.000    0.000    0.000 numpytest.py:1(<module>)
        1    0.000    0.000    0.000    0.000 numpytest.py:10(IgnoreException)
        1    0.000    0.000    0.000    0.000 nx_agraph.py:17(<module>)
        1    0.000    0.000    0.001    0.001 nx_pydot.py:15(<module>)
        1    0.000    0.000    0.000    0.000 nx_pylab.py:15(<module>)
        1    0.000    0.000    0.000    0.000 nx_shp.py:13(<module>)
        1    0.000    0.000    0.001    0.001 nx_yaml.py:15(<module>)
      119    0.000    0.000    0.000    0.000 opcode.py:27(def_op)
       11    0.000    0.000    0.000    0.000 opcode.py:31(name_op)
        6    0.000    0.000    0.000    0.000 opcode.py:35(jrel_op)
        6    0.000    0.000    0.000    0.000 opcode.py:39(jabs_op)
        1    0.000    0.000    0.000    0.000 opcode.py:5(<module>)
        1    0.000    0.000    0.000    0.000 pagerank_alg.py:1(<module>)
        1    0.000    0.000    0.000    0.000 pairs.py:2(<module>)
        1    0.000    0.000    0.001    0.001 pajek.py:14(<module>)
        1    0.000    0.000    0.000    0.000 pdb.py:18(Restart)
        1    0.001    0.001    0.001    0.001 pdb.py:3(<module>)
        1    0.000    0.000    0.000    0.000 pdb.py:59(Pdb)
        1    0.000    0.000    0.000    0.000 pickle.py:1261(_EmptyClass)
        1    0.000    0.000    0.000    0.000 pickle.py:171(Pickler)
        1    0.000    0.000    0.002    0.002 pickle.py:25(<module>)
        1    0.000    0.000    0.000    0.000 pickle.py:58(PickleError)
        1    0.000    0.000    0.000    0.000 pickle.py:62(PicklingError)
        1    0.000    0.000    0.000    0.000 pickle.py:69(UnpicklingError)
        1    0.000    0.000    0.000    0.000 pickle.py:82(_Stop)
        1    0.001    0.001    0.001    0.001 pickle.py:827(Unpickler)
        1    0.000    0.000    0.000    0.000 polynomial.py:19(RankWarning)
        1    0.001    0.001    0.002    0.002 polynomial.py:3(<module>)
        1    0.004    0.004    0.005    0.005 polynomial.py:54(<module>)
        1    0.000    0.000    0.000    0.000 polynomial.py:928(poly1d)
        1    0.000    0.000    0.000    0.000 polytemplate.py:11(<module>)
        1    0.000    0.000    0.000    0.000 polyutils.py:33(<module>)
        1    0.000    0.000    0.000    0.000 polyutils.py:48(RankWarning)
        1    0.000    0.000    0.000    0.000 polyutils.py:52(PolyError)
        1    0.000    0.000    0.000    0.000 polyutils.py:56(PolyDomainError)
        1    0.000    0.000    0.000    0.000 polyutils.py:69(PolyBase)
       19    0.000    0.000    0.000    0.000 posixpath.py:127(dirname)
        1    0.000    0.000    0.000    0.000 posixpath.py:321(normpath)
        1    0.000    0.000    0.000    0.000 posixpath.py:350(abspath)
        1    0.000    0.000    0.000    0.000 posixpath.py:59(isabs)
        2    0.000    0.000    0.000    0.000 posixpath.py:68(join)
        1    0.000    0.000    0.000    0.000 posixpath.py:89(split)
        1    0.000    0.000    0.000    0.000 pprint.py:35(<module>)
        1    0.000    0.000    0.000    0.000 pprint.py:84(PrettyPrinter)
        1    0.000    0.000    0.000    0.000 product.py:3(<module>)
        1    0.000    0.000    0.000    0.000 projection.py:3(<module>)
        1    0.000    0.000    0.000    0.000 py3k.py:4(<module>)
        1    0.000    0.000    0.000    0.000 pydot.py:1028(Graph)
        1    0.000    0.000    0.000    0.000 pydot.py:1677(Subgraph)
        1    0.000    0.000    0.000    0.000 pydot.py:1724(Cluster)
        1    0.000    0.000    0.000    0.000 pydot.py:1772(Dot)
        1    0.001    0.001    0.021    0.021 pydot.py:18(<module>)
        1    0.000    0.000    0.000    0.000 pydot.py:571(Common)
        1    0.000    0.000    0.000    0.000 pydot.py:701(Error)
        1    0.000    0.000    0.000    0.000 pydot.py:710(InvocationException)
        1    0.000    0.000    0.000    0.000 pydot.py:720(Node)
        1    0.000    0.000    0.000    0.000 pydot.py:837(Edge)
        1    0.000    0.000    0.000    0.000 pydot.py:93(frozendict)
       21    0.000    0.000    0.000    0.000 pyparsing.py:1107(__add__)
        6    0.000    0.000    0.000    0.000 pyparsing.py:1218(__or__)
        2    0.000    0.000    0.000    0.000 pyparsing.py:1278(__invert__)
        1    0.000    0.000    0.000    0.000 pyparsing.py:1282(__call__)
       13    0.000    0.000    0.000    0.000 pyparsing.py:1299(leaveWhitespace)
       50    0.000    0.000    0.000    0.000 pyparsing.py:1307(setWhitespaceChars)
       25    0.000    0.000    0.000    0.000 pyparsing.py:1351(__str__)
       50    0.000    0.000    0.000    0.000 pyparsing.py:1357(streamline)
        6    0.000    0.000    0.000    0.000 pyparsing.py:1389(getException)
      240    0.000    0.000    0.000    0.000 pyparsing.py:1392(__getattr__)
        1    0.000    0.000    0.000    0.000 pyparsing.py:1424(Token)
       42    0.000    0.000    0.000    0.000 pyparsing.py:1426(__init__)
       12    0.000    0.000    0.000    0.000 pyparsing.py:1429(setName)
        1    0.000    0.000    0.000    0.000 pyparsing.py:1435(Empty)
        1    0.000    0.000    0.000    0.000 pyparsing.py:1437(__init__)
        1    0.000    0.000    0.000    0.000 pyparsing.py:144(_Constants)
        1    0.000    0.000    0.000    0.000 pyparsing.py:1444(NoMatch)
        1    0.000    0.000    0.000    0.000 pyparsing.py:1460(Literal)
       17    0.000    0.000    0.000    0.000 pyparsing.py:1462(__init__)
       12    0.000    0.000    0.000    0.000 pyparsing.py:1481(parseImpl)
        1    0.000    0.000    0.000    0.000 pyparsing.py:1493(Keyword)
        1    0.000    0.000    0.000    0.000 pyparsing.py:154(ParseBaseException)
        1    0.000    0.000    0.000    0.000 pyparsing.py:1553(CaselessLiteral)
        1    0.000    0.000    0.000    0.000 pyparsing.py:1574(CaselessKeyword)
        6    0.000    0.000    0.000    0.000 pyparsing.py:158(__init__)
        1    0.000    0.000    0.000    0.000 pyparsing.py:1588(Word)
        7    0.000    0.000    0.004    0.001 pyparsing.py:1600(__init__)
       20    0.000    0.000    0.000    0.000 pyparsing.py:1654(parseImpl)
        9    0.000    0.000    0.000    0.000 pyparsing.py:1699(__str__)
       10    0.000    0.000    0.000    0.000 pyparsing.py:1708(charsAsStr)
        1    0.000    0.000    0.000    0.000 pyparsing.py:1722(Regex)
       12    0.000    0.000    0.006    0.000 pyparsing.py:1727(__init__)
       20    0.000    0.000    0.000    0.000 pyparsing.py:1761(parseImpl)
       13    0.000    0.000    0.000    0.000 pyparsing.py:1777(__str__)
        1    0.000    0.000    0.000    0.000 pyparsing.py:1789(QuotedString)
        1    0.000    0.000    0.000    0.000 pyparsing.py:1905(CharsNotIn)
        1    0.000    0.000    0.000    0.000 pyparsing.py:1975(White)
        1    0.000    0.000    0.000    0.000 pyparsing.py:202(ParseException)
        1    0.000    0.000    0.000    0.000 pyparsing.py:2032(_PositionToken)
        5    0.000    0.000    0.000    0.000 pyparsing.py:2033(__init__)
        1    0.000    0.000    0.000    0.000 pyparsing.py:2039(GoToColumn)
        1    0.000    0.000    0.000    0.000 pyparsing.py:2062(LineStart)
        1    0.000    0.000    0.000    0.000 pyparsing.py:2064(__init__)
        1    0.000    0.000    0.000    0.000 pyparsing.py:2086(LineEnd)
        2    0.000    0.000    0.000    0.000 pyparsing.py:2088(__init__)
        1    0.000    0.000    0.000    0.000 pyparsing.py:211(ParseFatalException)
        1    0.000    0.000    0.000    0.000 pyparsing.py:2111(StringStart)
        1    0.000    0.000    0.000    0.000 pyparsing.py:2113(__init__)
        1    0.000    0.000    0.000    0.000 pyparsing.py:2128(StringEnd)
        1    0.000    0.000    0.000    0.000 pyparsing.py:2130(__init__)
        1    0.000    0.000    0.000    0.000 pyparsing.py:2151(WordStart)
        1    0.000    0.000    0.000    0.000 pyparsing.py:216(ParseSyntaxException)
        1    0.000    0.000    0.000    0.000 pyparsing.py:2173(WordEnd)
        1    0.000    0.000    0.000    0.000 pyparsing.py:2199(ParseExpression)
       27    0.000    0.000    0.000    0.000 pyparsing.py:2201(__init__)
      8/4    0.000    0.000    0.001    0.000 pyparsing.py:2222(leaveWhitespace)
     16/3    0.000    0.000    0.000    0.000 pyparsing.py:2253(streamline)
        1    0.000    0.000    0.000    0.000 pyparsing.py:2285(setResultsName)
     15/9    0.000    0.000    0.001    0.000 pyparsing.py:2295(copy)
        1    0.000    0.000    0.000    0.000 pyparsing.py:2300(And)
        1    0.000    0.000    0.000    0.000 pyparsing.py:2306(_ErrorStop)
       21    0.000    0.000    0.000    0.000 pyparsing.py:2312(__init__)
     10/2    0.000    0.000    0.002    0.001 pyparsing.py:2323(parseImpl)
        1    0.000    0.000    0.000    0.000 pyparsing.py:2369(Or)
        1    0.000    0.000    0.000    0.000 pyparsing.py:237(RecursiveGrammarException)
        1    0.000    0.000    0.000    0.000 pyparsing.py:2430(MatchFirst)
        6    0.000    0.000    0.000    0.000 pyparsing.py:2435(__init__)
     20/8    0.000    0.000    0.001    0.000 pyparsing.py:2446(parseImpl)
        1    0.000    0.000    0.000    0.000 pyparsing.py:245(_ParseResultsWithOffset)
        4    0.000    0.000    0.000    0.000 pyparsing.py:246(__init__)
        1    0.000    0.000    0.000    0.000 pyparsing.py:2474(__str__)
       16    0.000    0.000    0.000    0.000 pyparsing.py:248(__getitem__)
        1    0.000    0.000    0.000    0.000 pyparsing.py:2489(Each)
        1    0.000    0.000    0.000    0.000 pyparsing.py:255(ParseResults)
        1    0.000    0.000    0.000    0.000 pyparsing.py:2577(ParseElementEnhance)
       26    0.000    0.000    0.000    0.000 pyparsing.py:2579(__init__)
     16/2    0.000    0.000    0.001    0.001 pyparsing.py:2594(parseImpl)
      8/4    0.000    0.000    0.002    0.000 pyparsing.py:2600(leaveWhitespace)
     11/4    0.000    0.000    0.000    0.000 pyparsing.py:2619(streamline)
       82    0.000    0.000    0.000    0.000 pyparsing.py:262(__new__)
        1    0.000    0.000    0.000    0.000 pyparsing.py:2638(__str__)
        1    0.000    0.000    0.000    0.000 pyparsing.py:2649(FollowedBy)
        1    0.000    0.000    0.000    0.000 pyparsing.py:2663(NotAny)
        2    0.000    0.000    0.000    0.000 pyparsing.py:2669(__init__)
        1    0.000    0.000    0.000    0.000 pyparsing.py:2699(ZeroOrMore)
        2    0.000    0.000    0.000    0.000 pyparsing.py:2701(__init__)
    82/80    0.000    0.000    0.000    0.000 pyparsing.py:271(__init__)
        1    0.000    0.000    0.000    0.000 pyparsing.py:2738(OneOrMore)
        2    0.000    0.000    0.001    0.001 pyparsing.py:2740(parseImpl)
        1    0.000    0.000    0.000    0.000 pyparsing.py:2772(_NullToken)
        1    0.000    0.000    0.000    0.000 pyparsing.py:2780(Optional)
        5    0.000    0.000    0.000    0.000 pyparsing.py:2785(__init__)
        2    0.000    0.000    0.000    0.000 pyparsing.py:2790(parseImpl)
        2    0.000    0.000    0.000    0.000 pyparsing.py:2804(__str__)
        1    0.000    0.000    0.000    0.000 pyparsing.py:2814(SkipTo)
        1    0.000    0.000    0.000    0.000 pyparsing.py:2879(Forward)
        1    0.000    0.000    0.000    0.000 pyparsing.py:2953(_ForwardNoRecurse)
        1    0.000    0.000    0.000    0.000 pyparsing.py:2957(TokenConverter)
       15    0.000    0.000    0.000    0.000 pyparsing.py:2959(__init__)
        1    0.000    0.000    0.000    0.000 pyparsing.py:2963(Upcase)
        1    0.000    0.000    0.000    0.000 pyparsing.py:2974(Combine)
        4    0.000    0.000    0.002    0.000 pyparsing.py:2979(__init__)
        1    0.000    0.000    0.000    0.000 pyparsing.py:3006(Group)
        3    0.000    0.000    0.000    0.000 pyparsing.py:3008(__init__)
        6    0.000    0.000    0.000    0.000 pyparsing.py:3012(postParse)
        1    0.000    0.000    0.000    0.000 pyparsing.py:3015(Dict)
        1    0.000    0.000    0.000    0.000 pyparsing.py:3020(__init__)
       22    0.000    0.000    0.000    0.000 pyparsing.py:304(__getitem__)
        1    0.000    0.000    0.000    0.000 pyparsing.py:3049(Suppress)
        4    0.000    0.000    0.000    0.000 pyparsing.py:3051(postParse)
        1    0.000    0.000    0.000    0.000 pyparsing.py:3058(OnlyOnce)
        1    0.000    0.000    0.000    0.000 pyparsing.py:3097(delimitedList)
        4    0.000    0.000    0.000    0.000 pyparsing.py:313(__setitem__)
        6    0.000    0.000    0.000    0.000 pyparsing.py:3192(_escapeRegexRangeChars)
        1    0.000    0.000    0.001    0.001 pyparsing.py:3200(oneOf)
       10    0.000    0.000    0.000    0.000 pyparsing.py:3217(<lambda>)
       10    0.000    0.000    0.000    0.000 pyparsing.py:3218(<lambda>)
       12    0.000    0.000    0.000    0.000 pyparsing.py:3312(<lambda>)
        6    0.000    0.000    0.000    0.000 pyparsing.py:3318(<lambda>)
        2    0.000    0.000    0.002    0.001 pyparsing.py:3320(srange)
        1    0.000    0.000    0.003    0.003 pyparsing.py:3402(_makeTags)
        1    0.000    0.000    0.003    0.003 pyparsing.py:3431(makeHTMLTags)
       18    0.000    0.000    0.000    0.000 pyparsing.py:352(__bool__)
        2    0.000    0.000    0.000    0.000 pyparsing.py:354(__iter__)
        6    0.000    0.000    0.000    0.000 pyparsing.py:356(keys)
        2    0.000    0.000    0.000    0.000 pyparsing.py:393(__getattr__)
       12    0.000    0.000    0.000    0.000 pyparsing.py:409(__iadd__)
        2    0.000    0.000    0.000    0.000 pyparsing.py:412(<lambda>)
        1    0.001    0.001    0.017    0.017 pyparsing.py:59(<module>)
        6    0.000    0.000    0.000    0.000 pyparsing.py:652(_trim_arity)
       12    0.000    0.000    0.000    0.000 pyparsing.py:657(wrapper)
        1    0.000    0.000    0.000    0.000 pyparsing.py:670(ParserElement)
       95    0.000    0.000    0.000    0.000 pyparsing.py:688(__init__)
       65    0.000    0.000    0.002    0.000 pyparsing.py:711(copy)
       17    0.000    0.000    0.000    0.000 pyparsing.py:721(setName)
        7    0.000    0.000    0.001    0.000 pyparsing.py:729(setResultsName)
        6    0.000    0.000    0.000    0.000 pyparsing.py:766(setParseAction)
       60    0.000    0.000    0.000    0.000 pyparsing.py:819(preParse)
       46    0.000    0.000    0.000    0.000 pyparsing.py:834(postParse)
    102/2    0.001    0.000    0.002    0.001 pyparsing.py:838(_parseNoCache)
        2    0.000    0.000    0.000    0.000 pyparsing.py:939(resetCache)
       14    0.000    0.000    0.000    0.000 pyparsing.py:96(<lambda>)
        2    0.000    0.000    0.002    0.001 pyparsing.py:965(parseString)
    50/47    0.000    0.000    0.000    0.000 pyparsing.py:98(_ustr)
        1    0.020    0.020   22.642   22.642 pyword2vec_ST_v2.1.py:10(<module>)
        1    0.000    0.000    0.000    0.000 pyword2vec_ST_v2.1.py:158(Word2Vec)
        1    0.000    0.000    0.000    0.000 pyword2vec_ST_v2.1.py:163(__init__)
        1   20.082   20.082   21.187   21.187 pyword2vec_ST_v2.1.py:198(fit)
   200000    0.216    0.000    0.254    0.000 pyword2vec_ST_v2.1.py:20(file_to_wordstream)
        1    0.000    0.000    0.000    0.000 pyword2vec_ST_v2.1.py:48(HashedVocab)
        1    0.000    0.000    0.130    0.130 pyword2vec_ST_v2.1.py:49(__init__)
        1    0.000    0.000    0.544    0.544 pyword2vec_ST_v2.1.py:55(fit)
     2210    0.003    0.000    0.004    0.000 pyword2vec_ST_v2.1.py:57(<lambda>)
    12023    0.002    0.000    0.002    0.000 pyword2vec_ST_v2.1.py:58(<lambda>)
   102210    0.585    0.000    1.031    0.000 pyword2vec_ST_v2.1.py:64(search_for)
    99999    0.029    0.000    0.029    0.000 pyword2vec_ST_v2.1.py:74(__getitem__)
        1    0.020    0.020    0.162    0.162 pyword2vec_ST_v2.1.py:77(build_hash)
   104420    0.404    0.000    0.453    0.000 pyword2vec_ST_v2.1.py:84(get_word_hash)
     2210    0.004    0.000    0.004    0.000 pyword2vec_ST_v2.1.py:93(add_to_hash)
        1    0.113    0.113    0.119    0.119 pyword2vec_ST_v2.1.py:97(build_huffman_tree)
        1    0.000    0.000    0.000    0.000 random.py:100(seed)
        1    0.000    0.000    0.001    0.001 random.py:40(<module>)
        1    0.000    0.000    0.000    0.000 random.py:649(WichmannHill)
        1    0.000    0.000    0.000    0.000 random.py:72(Random)
        1    0.000    0.000    0.000    0.000 random.py:799(SystemRandom)
        1    0.000    0.000    0.000    0.000 random.py:91(__init__)
        1    0.000    0.000    0.000    0.000 random_clustered.py:3(<module>)
        1    0.000    0.000    0.000    0.000 random_graphs.py:5(<module>)
        1    0.000    0.000    0.000    0.000 random_sequence.py:4(<module>)
        1    0.000    0.000    0.000    0.000 rcm.py:3(<module>)
      117    0.000    0.000    0.001    0.000 re.py:134(match)
        2    0.000    0.000    0.007    0.003 re.py:139(search)
        2    0.000    0.000    0.000    0.000 re.py:181(finditer)
       58    0.000    0.000    0.046    0.001 re.py:188(compile)
        7    0.000    0.000    0.000    0.000 re.py:204(escape)
      179    0.001    0.000    0.049    0.000 re.py:226(_compile)
        1    0.000    0.000    0.000    0.000 records.py:214(record)
        1    0.000    0.000    0.000    0.000 records.py:284(recarray)
        1    0.000    0.000    0.000    0.000 records.py:36(<module>)
        1    0.000    0.000    0.000    0.000 records.py:83(format_parser)
        1    0.000    0.000    0.000    0.000 redundancy.py:2(<module>)
        1    0.000    0.000    0.000    0.000 relabel.py:7(<module>)
        1    0.000    0.000    0.000    0.000 release.py:120(get_revision)
        1    0.000    0.000    0.000    0.000 release.py:161(get_info)
        1    0.000    0.000    0.000    0.000 release.py:2(<module>)
        1    0.000    0.000    0.003    0.003 release.py:30(<module>)
        1    0.000    0.000    0.000    0.000 repr.py:1(<module>)
        2    0.000    0.000    0.000    0.000 repr.py:10(__init__)
        1    0.000    0.000    0.000    0.000 repr.py:8(Repr)
        1    0.000    0.000    0.002    0.002 result.py:1(<module>)
        3    0.000    0.000    0.000    0.000 result.py:14(failfast)
        1    0.000    0.000    0.000    0.000 result.py:26(TestResult)
        1    0.000    0.000    0.000    0.000 richclub.py:2(<module>)
        1    0.000    0.000    0.000    0.000 runner.py:1(<module>)
        1    0.000    0.000    0.000    0.000 runner.py:119(TextTestRunner)
        1    0.000    0.000    0.000    0.000 runner.py:12(_WritelnDecorator)
        1    0.000    0.000    0.000    0.000 runner.py:28(TextTestResult)
        1    0.000    0.000    0.000    0.000 scimath.py:17(<module>)
        2    0.000    0.000    0.000    0.000 shape_base.py:1(<module>)
        1    0.000    0.000    0.000    0.000 shutil.py:31(Error)
        1    0.000    0.000    0.000    0.000 shutil.py:34(SpecialFileError)
        1    0.000    0.000    0.000    0.000 shutil.py:38(ExecError)
        1    0.000    0.000    0.000    0.000 shutil.py:5(<module>)
        1    0.000    0.000    0.000    0.000 signals.py:1(<module>)
        1    0.000    0.000    0.000    0.000 signals.py:9(_InterruptHandler)
        1    0.000    0.000    0.000    0.000 simple_paths.py:6(<module>)
        1    0.000    0.000    0.000    0.000 small.py:5(<module>)
        1    0.000    0.000    0.000    0.000 smetric.py:1(<module>)
        1    0.000    0.000    0.000    0.000 social.py:3(<module>)
        1    0.000    0.000    0.001    0.001 sparsegraph6.py:16(<module>)
        1    0.000    0.000    0.000    0.000 spectral.py:4(<module>)
        1    0.000    0.000    0.000    0.000 spectrum.py:3(<module>)
      209    0.001    0.000    0.009    0.000 sre_compile.py:179(_compile_charset)
      209    0.006    0.000    0.008    0.000 sre_compile.py:208(_optimize_charset)
     1116    0.000    0.000    0.000    0.000 sre_compile.py:25(_identityfunction)
       53    0.002    0.000    0.002    0.000 sre_compile.py:259(_mk_bitmap)
   592/60    0.005    0.000    0.017    0.000 sre_compile.py:33(_compile)
      250    0.000    0.000    0.001    0.000 sre_compile.py:355(_simple)
       60    0.001    0.000    0.004    0.000 sre_compile.py:362(_compile_info)
      120    0.000    0.000    0.000    0.000 sre_compile.py:475(isstring)
       60    0.000    0.000    0.021    0.000 sre_compile.py:481(_code)
       60    0.000    0.000    0.048    0.001 sre_compile.py:496(compile)
       31    0.000    0.000    0.000    0.000 sre_compile.py:52(fixup)
     1160    0.000    0.000    0.001    0.000 sre_parse.py:127(__len__)
     2471    0.002    0.000    0.003    0.000 sre_parse.py:131(__getitem__)
      250    0.000    0.000    0.000    0.000 sre_parse.py:135(__setitem__)
      929    0.001    0.000    0.001    0.000 sre_parse.py:139(append)
  827/311    0.003    0.000    0.003    0.000 sre_parse.py:141(getwidth)
       60    0.000    0.000    0.000    0.000 sre_parse.py:179(__init__)
     4906    0.006    0.000    0.007    0.000 sre_parse.py:183(__next)
     2118    0.001    0.000    0.002    0.000 sre_parse.py:196(match)
     4318    0.003    0.000    0.009    0.000 sre_parse.py:202(get)
      169    0.000    0.000    0.000    0.000 sre_parse.py:211(isident)
        2    0.000    0.000    0.000    0.000 sre_parse.py:214(isdigit)
       31    0.000    0.000    0.000    0.000 sre_parse.py:217(isname)
       79    0.000    0.000    0.000    0.000 sre_parse.py:226(_class_escape)
      166    0.000    0.000    0.000    0.000 sre_parse.py:258(_escape)
   201/60    0.001    0.000    0.025    0.000 sre_parse.py:302(_parse_sub)
   295/67    0.009    0.000    0.025    0.000 sre_parse.py:380(_parse)
       60    0.000    0.000    0.026    0.000 sre_parse.py:674(parse)
       60    0.000    0.000    0.000    0.000 sre_parse.py:68(__init__)
       86    0.000    0.000    0.000    0.000 sre_parse.py:73(opengroup)
       86    0.000    0.000    0.000    0.000 sre_parse.py:84(closegroup)
      592    0.000    0.000    0.000    0.000 sre_parse.py:91(__init__)
        1    0.000    0.000    0.000    0.000 stochastic.py:1(<module>)
        1    0.000    0.000    0.000    0.000 stride_tricks.py:12(DummyArray)
        1    0.000    0.000    0.000    0.000 stride_tricks.py:7(<module>)
        1    0.000    0.000    0.000    0.000 string.py:131(__init__)
        6    0.000    0.000    0.004    0.001 string.py:148(substitute)
      642    0.001    0.000    0.001    0.000 string.py:158(convert)
       54    0.000    0.000    0.000    0.000 string.py:308(join)
        1    0.000    0.000    0.000    0.000 strongly_connected.py:4(<module>)
        1    0.001    0.001    0.002    0.002 subprocess.py:389(<module>)
        1    0.000    0.000    0.000    0.000 subprocess.py:402(CalledProcessError)
        1    0.000    0.000    0.000    0.000 subprocess.py:649(Popen)
        1    0.000    0.000    0.000    0.000 suite.py:1(<module>)
        1    0.000    0.000    0.000    0.000 suite.py:16(BaseTestSuite)
        1    0.000    0.000    0.000    0.000 suite.py:252(_ErrorHolder)
        1    0.000    0.000    0.000    0.000 suite.py:299(_DebugResult)
        1    0.000    0.000    0.000    0.000 suite.py:78(TestSuite)
        1    0.000    0.000    0.000    0.000 swap.py:3(<module>)
        1    0.000    0.000    0.000    0.000 tempfile.py:108(_RandomNameSequence)
        1    0.000    0.000    0.002    0.002 tempfile.py:18(<module>)
        1    0.000    0.000    0.000    0.000 tempfile.py:368(_TemporaryFileWrapper)
        1    0.000    0.000    0.000    0.000 tempfile.py:497(SpooledTemporaryFile)
        1    0.000    0.000    0.000    0.000 test.py:2(<module>)
        1    0.001    0.001    0.008    0.008 test.py:3(<module>)
        1    0.000    0.000    0.001    0.001 threading.py:1(<module>)
        1    0.000    0.000    0.000    0.000 threading.py:1058(_Timer)
        1    0.000    0.000    0.000    0.000 threading.py:1088(_MainThread)
        1    0.000    0.000    0.000    0.000 threading.py:1090(__init__)
        1    0.000    0.000    0.000    0.000 threading.py:1097(_set_daemon)
        1    0.000    0.000    0.000    0.000 threading.py:1128(_DummyThread)
        1    0.000    0.000    0.000    0.000 threading.py:124(_RLock)
        2    0.000    0.000    0.000    0.000 threading.py:241(Condition)
        1    0.000    0.000    0.000    0.000 threading.py:254(_Condition)
        2    0.000    0.000    0.000    0.000 threading.py:259(__init__)
        1    0.000    0.000    0.000    0.000 threading.py:299(_is_owned)
        1    0.000    0.000    0.000    0.000 threading.py:372(notify)
        1    0.000    0.000    0.000    0.000 threading.py:399(notifyAll)
        1    0.000    0.000    0.000    0.000 threading.py:422(_Semaphore)
        1    0.000    0.000    0.000    0.000 threading.py:516(_BoundedSemaphore)
        1    0.000    0.000    0.000    0.000 threading.py:541(Event)
        1    0.000    0.000    0.000    0.000 threading.py:551(_Event)
        1    0.000    0.000    0.000    0.000 threading.py:56(_Verbose)
        1    0.000    0.000    0.000    0.000 threading.py:560(__init__)
        1    0.000    0.000    0.000    0.000 threading.py:575(set)
        4    0.000    0.000    0.000    0.000 threading.py:58(__init__)
        1    0.000    0.000    0.000    0.000 threading.py:63(_note)
        1    0.000    0.000    0.000    0.000 threading.py:640(Thread)
        1    0.000    0.000    0.000    0.000 threading.py:656(__init__)
        1    0.000    0.000    0.000    0.000 threading.py:789(_set_ident)
        1    0.000    0.000    0.000    0.000 threshold.py:3(<module>)
        1    0.000    0.000    0.000    0.000 token.py:3(<module>)
        1    0.000    0.000    0.000    0.000 tokenize.py:145(TokenError)
        1    0.000    0.000    0.000    0.000 tokenize.py:147(StopTokenizing)
        1    0.000    0.000    0.000    0.000 tokenize.py:178(Untokenizer)
        1    0.001    0.001    0.018    0.018 tokenize.py:23(<module>)
       19    0.000    0.000    0.000    0.000 tokenize.py:44(group)
        1    0.000    0.000    0.000    0.000 tokenize.py:45(any)
        2    0.000    0.000    0.000    0.000 tokenize.py:46(maybe)
        1    0.000    0.000    0.000    0.000 twodim_base.py:3(<module>)
        1    0.000    0.000    0.399    0.399 type_check.py:3(<module>)
        1    0.000    0.000    0.000    0.000 ufunclike.py:4(<module>)
        1    0.000    0.000    0.000    0.000 unary.py:1(<module>)
        1    0.000    0.000    0.000    0.000 union_find.py:12(UnionFind)
        1    0.000    0.000    0.000    0.000 union_find.py:3(<module>)
        1    0.000    0.000    0.000    0.000 unweighted.py:4(<module>)
        1    0.000    0.000    0.002    0.002 util.py:1(<module>)
        2    0.000    0.000    0.021    0.010 util.py:214(_findSoname_ldconfig)
        2    0.000    0.000    0.021    0.010 util.py:252(find_library)
        1    0.000    0.000    0.002    0.002 util.py:4(<module>)
        1    0.000    0.000    0.000    0.000 utils.py:1(<module>)
        2    0.000    0.000    0.000    0.000 utils.py:108(__init__)
        2    0.000    0.000    0.000    0.000 utils.py:113(__call__)
        1    0.000    0.000    0.000    0.000 utils.py:1364(WarningMessage)
        1    0.000    0.000    0.000    0.000 utils.py:1394(WarningManager)
        1    0.000    0.000    0.000    0.000 utils.py:1416(__init__)
        1    0.000    0.000    0.000    0.000 utils.py:1424(__enter__)
        1    0.000    0.000    0.000    0.000 utils.py:1440(__exit__)
        2    0.000    0.000    0.000    0.000 utils.py:157(deprecate)
        1    0.000    0.000    0.000    0.000 utils.py:3(<module>)
        2    0.000    0.000    0.000    0.000 utils.py:93(_set_function_name)
        1    0.000    0.000    0.000    0.000 utils.py:97(_Deprecate)
        1    0.000    0.000    0.000    0.000 utils.py:988(SafeEval)
        4    0.000    0.000    0.000    0.000 uuid.py:101(__init__)
        1    0.002    0.002    0.026    0.026 uuid.py:45(<module>)
        1    0.000    0.000    0.000    0.000 uuid.py:53(UUID)
        1    0.000    0.000    0.000    0.000 version.py:3(<module>)
        2    0.000    0.000    0.000    0.000 version.py:6(<module>)
        1    0.000    0.000    0.000    0.000 vf2userfunc.py:125(DiGraphMatcher)
        1    0.000    0.000    0.000    0.000 vf2userfunc.py:191(MultiGraphMatcher)
        1    0.000    0.000    0.000    0.000 vf2userfunc.py:195(MultiDiGraphMatcher)
        1    0.000    0.000    0.000    0.000 vf2userfunc.py:32(<module>)
        1    0.000    0.000    0.000    0.000 vf2userfunc.py:78(GraphMatcher)
        1    0.000    0.000    0.000    0.000 vitality.py:3(<module>)
        1    0.000    0.000    0.000    0.000 warnings.py:14(warnpy3k)
        4    0.000    0.000    0.001    0.000 warnings.py:45(filterwarnings)
        1    0.000    0.000    0.000    0.000 warnings.py:74(simplefilter)
        1    0.000    0.000    0.000    0.000 weakly_connected.py:4(<module>)
        1    0.000    0.000    0.000    0.000 weakref.py:243(__init__)
        1    0.000    0.000    0.000    0.000 weighted.py:4(<module>)
        2    0.000    0.000    0.000    0.000 {_ctypes.POINTER}
        3    0.000    0.000    0.000    0.000 {_ctypes.dlopen}
        1    0.000    0.000    0.000    0.000 {_ctypes.set_conversion_mode}
       50    0.000    0.000    0.000    0.000 {_ctypes.sizeof}
        1    0.000    0.000    0.000    0.000 {_elementtree.Element}
        1    0.000    0.000    0.000    0.000 {_hashlib.openssl_md5}
        1    0.000    0.000    0.000    0.000 {_hashlib.openssl_sha1}
        1    0.000    0.000    0.000    0.000 {_hashlib.openssl_sha224}
        1    0.000    0.000    0.000    0.000 {_hashlib.openssl_sha256}
        1    0.000    0.000    0.000    0.000 {_hashlib.openssl_sha384}
        1    0.000    0.000    0.000    0.000 {_hashlib.openssl_sha512}
        1    0.017    0.017    0.017    0.017 {_heapq.nlargest}
       60    0.000    0.000    0.000    0.000 {_sre.compile}
      138    0.000    0.000    0.000    0.000 {_sre.getlower}
       20    0.000    0.000    0.000    0.000 {_struct.calcsize}
        3    0.000    0.000    0.000    0.000 {abs}
       45    0.000    0.000    0.000    0.000 {all}
        1    0.000    0.000    0.000    0.000 {binascii.hexlify}
      341    0.000    0.000    0.000    0.000 {built-in method __new__ of type object at 0x84a640}
        1    0.000    0.000    0.000    0.000 {built-in method now}
      259    0.000    0.000    0.000    0.000 {chr}
      108    0.006    0.000    0.006    0.000 {compile}
        2    0.000    0.000    0.000    0.000 {dir}
        1    0.002    0.002    0.005    0.005 {filter}
        1    0.000    0.000    0.000    0.000 {function seed at 0x2b20de8}
     1862    0.001    0.000    0.001    0.000 {getattr}
       74    0.000    0.000    0.000    0.000 {globals}
      329    0.000    0.000    0.001    0.000 {hasattr}
       65    0.000    0.000    0.000    0.000 {id}
     4565    0.001    0.000    0.002    0.000 {isinstance}
    79/57    0.000    0.000    0.000    0.000 {issubclass}
        1    0.000    0.000    0.000    0.000 {itertools.tee}
        2    0.000    0.000    0.000    0.000 {iter}
114245/113940    0.018    0.000    0.018    0.000 {len}
       20    0.002    0.000    0.023    0.001 {map}
        1    0.000    0.000    0.000    0.000 {math.exp}
        2    0.000    0.000    0.000    0.000 {math.log}
    82775    0.033    0.000    0.033    0.000 {math.sqrt}
      175    0.000    0.000    0.000    0.000 {max}
       45    0.000    0.000    0.000    0.000 {method '__contains__' of 'frozenset' objects}
       65    0.001    0.000    0.001    0.000 {method '__reduce_ex__' of 'object' objects}
       19    0.000    0.000    0.000    0.000 {method '__subclasses__' of 'type' objects}
       17    0.000    0.000    0.000    0.000 {method '__subclasshook__' of 'object' objects}
        2    0.000    0.000    0.000    0.000 {method 'acquire' of 'thread.lock' objects}
      142    0.000    0.000    0.000    0.000 {method 'add' of 'set' objects}
   101470    0.016    0.000    0.016    0.000 {method 'append' of 'list' objects}
        4    0.000    0.000    0.000    0.000 {method 'clear' of 'dict' objects}
        2    0.000    0.000    0.000    0.000 {method 'close' of 'file' objects}
      162    0.000    0.000    0.000    0.000 {method 'copy' of 'dict' objects}
        4    0.000    0.000    0.000    0.000 {method 'count' of 'list' objects}
        1    0.000    0.000    0.000    0.000 {method 'disable' of '_lsprof.Profiler' objects}
       12    0.000    0.000    0.000    0.000 {method 'end' of '_sre.SRE_Match' objects}
      119    0.000    0.000    0.000    0.000 {method 'endswith' of 'str' objects}
        2    0.000    0.000    0.000    0.000 {method 'expandtabs' of 'str' objects}
      121    0.000    0.000    0.000    0.000 {method 'extend' of 'list' objects}
        2    0.000    0.000    0.000    0.000 {method 'fileno' of 'file' objects}
        3    0.260    0.087    0.260    0.087 {method 'fill' of 'numpy.ndarray' objects}
        2    0.000    0.000    0.000    0.000 {method 'finditer' of '_sre.SRE_Pattern' objects}
       80    0.000    0.000    0.000    0.000 {method 'format' of 'str' objects}
   100889    0.020    0.000    0.020    0.000 {method 'get' of 'dict' objects}
       12    0.000    0.000    0.000    0.000 {method 'get' of 'dictproxy' objects}
   201014    0.038    0.000    0.038    0.000 {method 'group' of '_sre.SRE_Match' objects}
       12    0.000    0.000    0.000    0.000 {method 'groupdict' of '_sre.SRE_Match' objects}
        6    0.000    0.000    0.000    0.000 {method 'insert' of 'list' objects}
      308    0.000    0.000    0.000    0.000 {method 'isalnum' of 'str' objects}
       45    0.000    0.000    0.000    0.000 {method 'isdigit' of 'str' objects}
       74    0.000    0.000    0.000    0.000 {method 'items' of 'dict' objects}
        2    0.000    0.000    0.000    0.000 {method 'iteritems' of 'dict' objects}
      405    0.001    0.000    0.001    0.000 {method 'join' of 'str' objects}
       23    0.000    0.000    0.000    0.000 {method 'keys' of 'dict' objects}
       13    0.000    0.000    0.000    0.000 {method 'lstrip' of 'str' objects}
      248    0.000    0.000    0.000    0.000 {method 'match' of '_sre.SRE_Pattern' objects}
        6    0.000    0.000    0.000    0.000 {method 'pop' of 'dict' objects}
        2    0.011    0.006    0.011    0.006 {method 'read' of 'file' objects}
        1    0.000    0.000    0.000    0.000 {method 'release' of 'thread.lock' objects}
       86    0.000    0.000    0.000    0.000 {method 'remove' of 'list' objects}
       19    0.000    0.000    0.000    0.000 {method 'remove' of 'set' objects}
       81    0.000    0.000    0.000    0.000 {method 'replace' of 'str' objects}
       20    0.000    0.000    0.000    0.000 {method 'rfind' of 'str' objects}
       20    0.000    0.000    0.000    0.000 {method 'rstrip' of 'str' objects}
        2    0.005    0.002    0.005    0.002 {method 'search' of '_sre.SRE_Pattern' objects}
       10    0.000    0.000    0.000    0.000 {method 'setdefault' of 'dict' objects}
        3    0.000    0.000    0.000    0.000 {method 'setter' of 'property' objects}
      178    0.000    0.000    0.000    0.000 {method 'split' of 'str' objects}
      108    0.000    0.000    0.000    0.000 {method 'splitlines' of 'str' objects}
      243    0.000    0.000    0.000    0.000 {method 'startswith' of 'str' objects}
      530    0.000    0.000    0.000    0.000 {method 'strip' of 'str' objects}
        6    0.004    0.001    0.004    0.001 {method 'sub' of '_sre.SRE_Pattern' objects}
        1    0.000    0.000    0.000    0.000 {method 'timetuple' of 'datetime.datetime' objects}
        2    0.000    0.000    0.000    0.000 {method 'title' of 'str' objects}
      112    0.000    0.000    0.000    0.000 {method 'translate' of 'str' objects}
      194    0.000    0.000    0.000    0.000 {method 'update' of 'dict' objects}
        1    0.000    0.000    0.000    0.000 {method 'view' of 'numpy.ndarray' objects}
     1307    0.000    0.000    0.000    0.000 {min}
       41    0.000    0.000    0.000    0.000 {numpy.core.multiarray.array}
       27    0.000    0.000    0.000    0.000 {numpy.core.multiarray.empty}
        2    0.000    0.000    0.000    0.000 {numpy.core.multiarray.set_string_function}
        1    0.000    0.000    0.000    0.000 {numpy.core.multiarray.set_typeDict}
        1    0.000    0.000    0.000    0.000 {numpy.core.multiarray.zeros}
        1    0.000    0.000    0.000    0.000 {numpy.core.umath.seterrobj}
      268    0.000    0.000    0.000    0.000 {numpy.lib._compiled_base.add_docstring}
        2    0.000    0.000    0.000    0.000 {open}
   533536    0.049    0.000    0.049    0.000 {ord}
        2    0.000    0.000    0.000    0.000 {posix.getpid}
        2    0.002    0.001    0.002    0.001 {posix.popen}
        2    0.000    0.000    0.000    0.000 {posix.stat}
        1    0.000    0.000    0.000    0.000 {posix.sysconf}
        2    0.000    0.000    0.000    0.000 {posix.uname}
        1    0.000    0.000    0.000    0.000 {posix.urandom}
      230    0.000    0.000    0.000    0.000 {range}
       65    0.000    0.000    0.000    0.000 {repr}
      535    0.000    0.000    0.000    0.000 {setattr}
      137    0.000    0.000    0.000    0.000 {sys._getframe}
        4    0.000    0.000    0.000    0.000 {thread.allocate_lock}
        2    0.000    0.000    0.000    0.000 {thread.get_ident}
        2    0.000    0.000    0.000    0.000 {time.asctime}
      105    0.000    0.000    0.000    0.000 {unichr}
      108    0.000    0.000    0.000    0.000 {vars}
     2212    0.001    0.000    0.001    0.000 {zip}


